# Bundle file v0.3
15 86
0 0 0
0 0 0
0 0 0
0 0 0
0 0 0
0 0 0
0 0 0
0 0 0
0 0 0
0 0 0
0 0 0
0 0 0
0 0 0
0 0 0
0 0 0
0 0 0
0 0 0
0 0 0
0 0 0
0 0 0
0 0 0
0 0 0
0 0 0
0 0 0
0 0 0
0 0 0
0 0 0
0 0 0
0 0 0
0 0 0
0 0 0
0 0 0
0 0 0
0 0 0
0 0 0
0 0 0
0 0 0
0 0 0
0 0 0
0 0 0
0 0 0
0 0 0
0 0 0
0 0 0
0 0 0
3.0143460000e+02 0.0000000000e+00 0.0000000000e+00
1.0000000000e+00 0.0000000000e+00 0.0000000000e+00
0.0000000000e+00 1.0000000000e+00 0.0000000000e+00
0.0000000000e+00 0.0000000000e+00 1.0000000000e+00
-0.0000000000e+00 -0.0000000000e+00 -0.0000000000e+00
0 0 0
0 0 0
0 0 0
0 0 0
0 0 0
0 0 0
0 0 0
0 0 0
0 0 0
0 0 0
0 0 0
0 0 0
0 0 0
0 0 0
0 0 0
3.0143460000e+02 0.0000000000e+00 0.0000000000e+00
9.9811503306e-01 6.2673124987e-03 -6.1049992488e-02
-6.1747204546e-03 9.9997948235e-01 1.7052024612e-03
6.1059426922e-02 -1.3250215736e-03 9.9813325298e-01
-9.9792087437e-01 3.0411923978e-02 -5.6824672247e-02
0 0 0
0 0 0
0 0 0
0 0 0
0 0 0
1.1577330335e+00 -6.8462716327e-01 -5.8288448048e+00
9 10 6
2 9 2 59.8900 -34.6200 13 0 26.4200 -35.6500
-5.3712987558e+00 -1.4039054523e+00 -2.7853422768e+01
0 0 2
2 9 15 -58.1000 -13.9800 13 10 -49.9600 -16.0700
-5.3712987558e+00 -1.4039054523e+00 -2.7853422768e+01
0 0 2
2 9 16 -58.1000 -13.9800 13 11 -49.9600 -16.0700
-4.5157582155e+00 -1.2030124378e+00 -1.0769181128e+01
133 162 172
2 9 10 -126.3600 -32.0600 13 9 -132.1500 -33.3000
9.9817275302e-01 1.6265319551e-01 -5.1751727741e+00
169 168 174
2 9 18 58.1100 8.2500 13 18 18.4500 11.6200
-9.1552413685e+00 6.6725099227e+00 -4.4811348469e+01
2 4 2
2 9 169 -61.5600 45.8900 13 134 -48.9300 43.4000
1.0556195822e+00 -1.6856059368e-01 -5.1546344719e+00
135 139 144
2 9 33 61.7400 -9.4800 13 24 21.6600 -9.3800
-5.7661332464e-02 -1.3946717197e-01 -7.8478404963e+00
192 206 211
2 9 77 -2.2100 -5.1600 13 83 -22.0500 -4.8600
1.2196644028e+00 -5.0464961039e-02 -4.9905141807e+00
13 13 13
2 9 51 73.6700 -3.0300 13 34 31.8100 -2.2100
-1.1008700398e-01 1.0207748490e+00 -8.3147463877e+00
5 8 7
2 9 167 -3.9800 37.4500 13 189 -21.4100 36.9500
6.5811252978e+00 2.2576888642e+00 -1.3447255099e+01
39 41 42
2 9 171 147.5300 50.8900 13 102 147.6200 50.9900
7.3161816212e+00 5.1902084317e-01 -1.2245363329e+01
234 236 219
2 9 156 180.0900 12.5000 13 117 179.7300 12.5800
7.2161617663e+00 5.3686424025e-01 -1.2774609687e+01
245 247 230
2 9 115 170.2700 12.4500 13 90 170.3200 12.4200
1.5171945439e+00 -7.3168821092e-02 -4.9925220491e+00
2 3 1
2 9 78 91.6100 -4.1700 13 48 50.0000 -3.9400
1.5171945439e+00 -7.3168821092e-02 -4.9925220491e+00
2 3 1
2 9 79 91.6100 -4.1700 13 49 50.0000 -3.9400
4.6178169463e-01 5.6352946182e-03 -6.5527112480e+00
203 225 222
2 9 110 21.2400 0.1500 13 113 -6.2800 1.1200
5.5191959653e-01 -7.0151858077e-02 -6.2779410482e+00
3 7 5
2 9 150 26.5100 -2.9700 13 223 -3.0900 -2.9800
1.9128860768e-01 7.1386521339e-01 -7.3297275844e+00
81 89 91
2 9 217 7.8700 29.4900 13 242 -14.5400 29.7800
7.0901997482e+00 1.2293532807e+00 -1.2707334591e+01
5 7 3
2 9 216 168.1900 29.2100 13 176 168.0500 29.2000
6.9354535761e-01 -1.6575443335e-01 -5.7855818404e+00
143 164 162
2 9 198 36.1500 -7.9900 13 301 2.4000 -8.4300
-1.5913057475e+00 1.3138654022e+00 -1.3243544514e+01
207 214 224
2 9 363 -36.2100 30.2900 13 331 -39.8900 29.6200
-1.3336148286e+00 1.2930463079e+00 -1.1973690890e+01
172 182 194
2 9 368 -33.5700 32.6900 13 337 -39.6400 32.5500
4.8040739513e+00 4.8350569685e+00 -1.5044184871e+01
4 4 4
2 9 299 96.2600 96.9800 13 271 96.7500 97.9600
5.8022232993e+00 4.7966715026e+00 -1.3836323310e+01
28 28 26
2 9 300 126.4300 105.4400 13 272 126.3700 105.3800
6.5160523738e-01 -3.4450456594e-01 -6.0746756987e+00
13 18 18
2 9 194 32.3400 -16.8300 13 148 1.0400 -16.5500
-5.4623903802e+00 2.1336814209e+00 -1.3506793320e+01
216 35 20
2 9 94 -121.9100 47.4400 13 59 -121.9200 47.4300
-1.6581785944e-01 1.3654454573e+00 -8.1982046572e+00
226 228 239
2 9 127 -6.0900 50.4800 13 103 -23.9100 50.2400
1.4490208003e+00 -2.4143643190e-01 -4.9335843076e+00
142 144 154
2 9 109 88.5400 -14.4600 13 74 46.0800 -14.3600
1.8669659316e+00 4.2490539719e-01 -5.1505016661e+00
179 179 192
2 9 119 109.2500 24.2700 13 94 70.1300 26.3800
3.7599053958e-01 -7.6385679676e-01 -6.7542649670e+00
252 253 254
2 9 133 16.7800 -34.0900 13 106 -9.5700 -33.2500
6.9731801771e+00 1.2206947526e+00 -1.2967913856e+01
3 4 2
2 9 283 162.0900 28.4100 13 241 162.0600 28.3900
-6.4554634897e+00 1.5298249587e+00 -1.2111411596e+01
198 201 201
2 9 292 -160.6700 37.9400 13 348 -160.8400 38.1000
-5.7259284490e+00 2.5786627078e+00 -1.2703474884e+01
1 1 1
2 9 38 -135.8800 60.7000 13 29 -136.3500 60.9000
-6.5098651570e+00 1.1758876254e+00 -1.2374800261e+01
191 194 196
2 9 121 -158.5700 28.7300 13 95 -158.4600 28.7500
-6.7269819100e+00 9.5978923207e-01 -1.2980502218e+01
8 18 36
2 9 215 -156.2100 22.4800 13 173 -155.2400 22.4700
-7.2317697391e+00 7.2679284717e-02 -2.2043870552e+01
25 23 24
2 9 4 -98.8900 0.9700 13 1 -92.0300 1.5000
1.1492074653e+00 3.9537797742e-01 -4.6898798710e+00
106 28 6
2 9 24 73.8600 25.2700 13 27 28.2800 26.6600
-3.1333393711e-01 1.9031705178e+00 -9.5456334988e+00
1 2 0
2 9 57 -9.8900 60.2800 13 43 -22.4700 60.0400
1.2717939060e-01 9.8121638968e-01 -7.8710830670e+00
227 228 246
2 9 87 4.8800 37.9600 13 100 -14.6600 37.6400
-1.1233504732e-01 1.1169327023e+00 -8.2959494311e+00
9 11 10
2 9 88 -4.0900 40.2500 13 56 -21.5400 41.2900
-1.1233504732e-01 1.1169327023e+00 -8.2959494311e+00
9 11 10
2 9 89 -4.0900 40.2500 13 57 -21.5400 41.2900
-6.6054361228e+00 1.2871802067e+00 -1.1944428877e+01
4 49 190
2 9 123 -166.6900 32.7900 13 99 -166.8300 32.2500
-1.1008700398e-01 1.0207748490e+00 -8.3147463877e+00
5 8 7
2 9 168 -3.9800 37.4500 13 190 -21.4100 36.9500
-2.3326033565e+00 1.1184188240e+00 -1.6517431193e+01
198 209 218
2 9 5 -42.5600 20.7700 13 3 -41.7500 20.1400
2.4008396011e+00 -4.1559737442e-02 -5.4597323491e+00
71 72 77
2 9 83 132.5500 -2.3600 13 33 97.3800 -1.9200
1.7834342775e+00 3.3279840917e-01 -5.1157336940e+00
7 9 7
2 9 210 105.0800 19.3900 13 169 65.4000 20.7000
1.7834342775e+00 3.3279840917e-01 -5.1157336940e+00
7 9 7
2 9 211 105.0800 19.3900 13 170 65.4000 20.7000
1.7373188130e+00 6.3473590822e-01 -5.2301815033e+00
212 211 224
2 9 27 100.1000 35.4500 13 21 61.7700 38.7400
-3.5913468167e-01 2.6803502325e+00 -1.1422564908e+01
218 217 222
2 9 59 -9.4600 71.4200 13 60 -16.8700 70.0100
-1.6970696479e+00 -8.0799335734e-01 -1.6030110896e+01
68 101 95
2 9 108 -31.9200 -15.5200 13 75 -32.0400 -14.4900
-5.8007127731e+00 1.3963050725e+00 -1.3256524756e+01
22 51 185
2 9 366 -131.9000 31.7500 13 334 -131.8800 31.8100
-2.0982615939e+01 1.0273225965e+01 -8.4436739185e+01
204 208 224
2 9 289 -74.9000 36.9500 13 187 -58.8700 35.9400
4.2803930662e+00 -1.5056501974e+00 -8.1299135306e+00
72 99 90
2 9 9 158.7400 -54.3400 13 8 143.3100 -59.2100
1.8893667766e+00 -1.5790391085e-01 -5.0540182918e+00
2 2 2
2 9 32 112.6900 -9.2800 13 23 72.2700 -9.0700
-9.3424187602e+00 -1.5935979671e+00 -3.7626004742e+01
107 120 126
2 9 48 -74.8600 -13.3800 13 77 -63.4200 -11.7700
-9.3424187602e+00 -1.5935979671e+00 -3.7626004742e+01
107 120 126
2 9 49 -74.8600 -13.3800 13 78 -63.4200 -11.7700
4.5572444910e+00 -1.3674704649e+00 -1.0610238126e+01
103 145 142
2 9 98 129.5000 -37.6000 13 66 121.7800 -41.4400
7.3547583624e+00 2.9446115882e-01 -1.2728064082e+01
59 3 4
2 9 111 174.1700 6.5500 13 86 174.3700 6.7200
-4.8060664155e+00 -3.4138656318e+00 -1.4979275479e+01
204 196 192
2 9 177 -96.6900 -67.6400 13 139 -96.6400 -67.6700
1.6587455115e+00 -2.7802970929e-01 -4.9763388077e+00
106 106 108
2 9 321 100.4800 -16.6800 13 297 58.7700 -16.4700
2.7381826609e+00 3.3432261975e-02 -5.7917545334e+00
62 63 67
2 9 260 142.5100 1.7400 13 228 111.0400 1.9700
7.1322875444e+00 6.0530946376e-01 -1.2823495697e+01
228 232 209
2 9 339 167.6500 14.0400 13 318 167.6300 14.0100
-5.8007127731e+00 1.3963050725e+00 -1.3256524756e+01
22 51 185
2 9 367 -131.9000 31.7500 13 335 -131.8800 31.8100
-5.7981565429e+00 1.5456530646e+00 -1.3236702747e+01
23 49 164
2 9 370 -132.0400 35.1700 13 345 -132.0200 35.1900
-5.7981565429e+00 1.5456530646e+00 -1.3236702747e+01
23 49 164
2 9 371 -132.0400 35.1700 13 346 -132.0200 35.1900
3.3055581527e+00 -4.8235646883e-02 -6.5800329436e+00
63 64 69
2 9 82 151.4300 -2.1800 13 50 126.8500 -2.3500
7.3161816212e+00 5.1902084317e-01 -1.2245363329e+01
234 236 219
2 9 155 180.0900 12.5000 13 116 179.7300 12.5800
-4.4191430481e+00 1.6548671340e+00 -1.4564645847e+01
93 123 156
2 9 166 -91.4600 34.2500 13 131 -91.4300 34.2200
-4.1803259518e+00 -7.4469953424e-01 -2.2193387065e+01
37 57 50
2 9 197 -56.7800 -10.2000 13 218 -51.2600 -9.6600
8.0145048976e+00 -6.2747828889e+00 -3.6912639805e+01
9 14 10
2 9 132 65.4600 -50.7200 13 140 76.2900 -53.1500
1.3736240614e+00 -1.9647881700e-01 -5.0224571853e+00
11 14 13
2 9 246 82.4500 -11.4300 13 217 41.0100 -11.4300
-1.1419381007e+01 -3.4677108597e+00 -4.3699335950e+01
85 115 100
2 9 314 -78.7700 -23.9200 13 289 -66.2400 -23.3800
2.8043391266e+00 -1.0817732835e-01 -5.9636008625e+00
71 72 75
2 9 254 141.7500 -5.3600 13 222 111.7600 -5.5400
2.9903506083e+00 -1.1019063011e-01 -6.1433613078e+00
74 75 78
2 9 326 146.7300 -5.2700 13 221 118.5000 -5.5900
4.3292151187e+00 -1.6900969147e+00 -1.1953559024e+01
0 0 0
2 9 6 109.1600 -43.0600 13 4 103.9700 -43.4600
6.8625281331e-01 8.3840011870e-01 -6.8451467214e+00
223 222 236
2 9 12 30.2200 36.9200 13 7 4.8500 37.5400
4.8028850245e-01 2.7350979905e-01 -6.4616602947e+00
1 0 0
2 9 19 22.4200 13.3600 13 20 -5.7100 12.8900
5.5283044316e+00 -1.3006248632e+00 -1.3124685437e+01
12 16 15
2 9 66 126.9600 -30.2300 13 45 124.9600 -30.8500
4.2853404788e+00 -3.3176101156e-01 -8.9021668444e+00
1 1 1
2 9 74 145.0900 -11.8600 13 32 132.7000 -11.3000
3.5579771570e+00 5.8039067606e-01 -7.3887909364e+00
9 7 8
2 9 85 145.1200 22.3800 13 38 125.7000 25.3400
3.1721824806e-01 -5.7757159482e-01 -6.7958009081e+00
203 206 210
2 9 139 14.0600 -26.0600 13 211 -11.9200 -24.3400
5.6120724272e-01 1.3072979805e+00 -7.5020606533e+00
5 5 6
2 9 173 22.5500 52.5500 13 136 1.1400 53.0000
3.2946118494e-01 -1.3588667196e+00 -6.9166567419e+00
229 245 242
2 9 180 14.3400 -60.0000 13 196 -11.0600 -57.5300
3.2946118494e-01 -1.3588667196e+00 -6.9166567419e+00
229 245 242
2 9 181 14.3400 -60.0000 13 197 -11.0600 -57.5300
-4.4892013059e+00 1.4270081119e+00 -1.4622780311e+01
25 31 62
2 9 218 -92.5400 29.4400 13 177 -92.4200 29.4600
7.0664833327e+00 6.1481923733e-01 -1.2950825320e+01
197 201 176
2 9 340 164.4700 14.1200 13 319 164.4900 14.1000
